c:\users\nivuc\source\repos\nine men's morris\nine men's morris\debug\vc142.pdb
c:\users\nivuc\source\repos\nine men's morris\nine men's morris\debug\vc142.idb
c:\users\nivuc\source\repos\nine men's morris\nine men's morris\debug\victorystate.obj
c:\users\nivuc\source\repos\nine men's morris\nine men's morris\debug\playingstate.obj
c:\users\nivuc\source\repos\nine men's morris\nine men's morris\debug\pausestate.obj
c:\users\nivuc\source\repos\nine men's morris\nine men's morris\debug\optionsstate.obj
c:\users\nivuc\source\repos\nine men's morris\nine men's morris\debug\node.obj
c:\users\nivuc\source\repos\nine men's morris\nine men's morris\debug\menustate.obj
c:\users\nivuc\source\repos\nine men's morris\nine men's morris\debug\main.obj
c:\users\nivuc\source\repos\nine men's morris\nine men's morris\debug\levelstate.obj
c:\users\nivuc\source\repos\nine men's morris\nine men's morris\debug\instructionsstate.obj
c:\users\nivuc\source\repos\nine men's morris\nine men's morris\debug\globals.obj
c:\users\nivuc\source\repos\nine men's morris\nine men's morris\debug\gamestate.obj
c:\users\nivuc\source\repos\nine men's morris\nine men's morris\debug\gameengine.obj
c:\users\nivuc\source\repos\nine men's morris\nine men's morris\debug\enumresources.obj
c:\users\nivuc\source\repos\nine men's morris\nine men's morris\debug\button.obj
c:\users\nivuc\source\repos\nine men's morris\nine men's morris\debug\board.obj
c:\users\nivuc\source\repos\nine men's morris\nine men's morris\debug\audiomanager.obj
c:\users\nivuc\source\repos\nine men's morris\debug\nine men's morris.ilk
c:\users\nivuc\source\repos\nine men's morris\debug\nine men's morris.exe
c:\users\nivuc\source\repos\nine men's morris\debug\nine men's morris.pdb
c:\users\nivuc\source\repos\nine men's morris\nine men's morris\debug\nine men.3128d5c2.tlog\cl.command.1.tlog
c:\users\nivuc\source\repos\nine men's morris\nine men's morris\debug\nine men.3128d5c2.tlog\cl.read.1.tlog
c:\users\nivuc\source\repos\nine men's morris\nine men's morris\debug\nine men.3128d5c2.tlog\cl.write.1.tlog
c:\users\nivuc\source\repos\nine men's morris\nine men's morris\debug\nine men.3128d5c2.tlog\link.command.1.tlog
c:\users\nivuc\source\repos\nine men's morris\nine men's morris\debug\nine men.3128d5c2.tlog\link.read.1.tlog
c:\users\nivuc\source\repos\nine men's morris\nine men's morris\debug\nine men.3128d5c2.tlog\link.write.1.tlog
